0 info it worked if it ends with ok
1 verbose cli [ '/usr/local/bin/node',
1 verbose cli   '/usr/local/bin/npm',
1 verbose cli   'publish',
1 verbose cli   '--force' ]
2 info using npm@1.3.11
3 info using node@v0.10.21
4 warn using --force I sure hope you know what you are doing.
5 verbose publish [ '.' ]
6 verbose cache add [ '.', null ]
7 verbose cache add name=undefined spec="." args=[".",null]
8 verbose parsed url { protocol: null,
8 verbose parsed url   slashes: null,
8 verbose parsed url   auth: null,
8 verbose parsed url   host: null,
8 verbose parsed url   port: null,
8 verbose parsed url   hostname: null,
8 verbose parsed url   hash: null,
8 verbose parsed url   search: null,
8 verbose parsed url   query: null,
8 verbose parsed url   pathname: '.',
8 verbose parsed url   path: '.',
8 verbose parsed url   href: '.' }
9 silly lockFile 3a52ce78- .
10 verbose lock . /Users/cyberfunk/.npm/3a52ce78-.lock
11 verbose tar pack [ '/var/folders/pO/pO9pwW+UFpCYUsYthCMqIE+++TI/-Tmp-/npm-77953-HfxGl-Uq/1391018956973-0.2853914303705096/tmp.tgz',
11 verbose tar pack   '.' ]
12 verbose tarball /var/folders/pO/pO9pwW+UFpCYUsYthCMqIE+++TI/-Tmp-/npm-77953-HfxGl-Uq/1391018956973-0.2853914303705096/tmp.tgz
13 verbose folder .
14 silly lockFile 1f1177db-tar tar://.
15 verbose lock tar://. /Users/cyberfunk/.npm/1f1177db-tar.lock
16 silly lockFile 3ab30452-56973-0-2853914303705096-tmp-tgz tar:///var/folders/pO/pO9pwW+UFpCYUsYthCMqIE+++TI/-Tmp-/npm-77953-HfxGl-Uq/1391018956973-0.2853914303705096/tmp.tgz
17 verbose lock tar:///var/folders/pO/pO9pwW+UFpCYUsYthCMqIE+++TI/-Tmp-/npm-77953-HfxGl-Uq/1391018956973-0.2853914303705096/tmp.tgz /Users/cyberfunk/.npm/3ab30452-56973-0-2853914303705096-tmp-tgz.lock
18 silly lockFile 1f1177db-tar tar://.
19 silly lockFile 1f1177db-tar tar://.
20 silly lockFile 3ab30452-56973-0-2853914303705096-tmp-tgz tar:///var/folders/pO/pO9pwW+UFpCYUsYthCMqIE+++TI/-Tmp-/npm-77953-HfxGl-Uq/1391018956973-0.2853914303705096/tmp.tgz
21 silly lockFile 3ab30452-56973-0-2853914303705096-tmp-tgz tar:///var/folders/pO/pO9pwW+UFpCYUsYthCMqIE+++TI/-Tmp-/npm-77953-HfxGl-Uq/1391018956973-0.2853914303705096/tmp.tgz
22 verbose tar unpack /var/folders/pO/pO9pwW+UFpCYUsYthCMqIE+++TI/-Tmp-/npm-77953-HfxGl-Uq/1391018956973-0.2853914303705096/tmp.tgz
23 silly lockFile 533f3c35-56973-0-2853914303705096-package tar:///var/folders/pO/pO9pwW+UFpCYUsYthCMqIE+++TI/-Tmp-/npm-77953-HfxGl-Uq/1391018956973-0.2853914303705096/package
24 verbose lock tar:///var/folders/pO/pO9pwW+UFpCYUsYthCMqIE+++TI/-Tmp-/npm-77953-HfxGl-Uq/1391018956973-0.2853914303705096/package /Users/cyberfunk/.npm/533f3c35-56973-0-2853914303705096-package.lock
25 silly lockFile 3ab30452-56973-0-2853914303705096-tmp-tgz tar:///var/folders/pO/pO9pwW+UFpCYUsYthCMqIE+++TI/-Tmp-/npm-77953-HfxGl-Uq/1391018956973-0.2853914303705096/tmp.tgz
26 verbose lock tar:///var/folders/pO/pO9pwW+UFpCYUsYthCMqIE+++TI/-Tmp-/npm-77953-HfxGl-Uq/1391018956973-0.2853914303705096/tmp.tgz /Users/cyberfunk/.npm/3ab30452-56973-0-2853914303705096-tmp-tgz.lock
27 silly gunzTarPerm modes [ '755', '644' ]
28 silly gunzTarPerm extractEntry package.json
29 silly gunzTarPerm extractEntry .npmignore
30 silly gunzTarPerm extractEntry README.md
31 silly gunzTarPerm extractEntry LICENSE
32 silly gunzTarPerm extractEntry index.js
33 silly gunzTarPerm extractEntry test/unit/builder.js
34 silly lockFile 533f3c35-56973-0-2853914303705096-package tar:///var/folders/pO/pO9pwW+UFpCYUsYthCMqIE+++TI/-Tmp-/npm-77953-HfxGl-Uq/1391018956973-0.2853914303705096/package
35 silly lockFile 533f3c35-56973-0-2853914303705096-package tar:///var/folders/pO/pO9pwW+UFpCYUsYthCMqIE+++TI/-Tmp-/npm-77953-HfxGl-Uq/1391018956973-0.2853914303705096/package
36 silly lockFile 3ab30452-56973-0-2853914303705096-tmp-tgz tar:///var/folders/pO/pO9pwW+UFpCYUsYthCMqIE+++TI/-Tmp-/npm-77953-HfxGl-Uq/1391018956973-0.2853914303705096/tmp.tgz
37 silly lockFile 3ab30452-56973-0-2853914303705096-tmp-tgz tar:///var/folders/pO/pO9pwW+UFpCYUsYthCMqIE+++TI/-Tmp-/npm-77953-HfxGl-Uq/1391018956973-0.2853914303705096/tmp.tgz
38 verbose tar pack [ '/Users/cyberfunk/.npm/cli-define/0.0.4/package.tgz',
38 verbose tar pack   '/var/folders/pO/pO9pwW+UFpCYUsYthCMqIE+++TI/-Tmp-/npm-77953-HfxGl-Uq/1391018956973-0.2853914303705096/package' ]
39 verbose tarball /Users/cyberfunk/.npm/cli-define/0.0.4/package.tgz
40 verbose folder /var/folders/pO/pO9pwW+UFpCYUsYthCMqIE+++TI/-Tmp-/npm-77953-HfxGl-Uq/1391018956973-0.2853914303705096/package
41 silly lockFile 533f3c35-56973-0-2853914303705096-package tar:///var/folders/pO/pO9pwW+UFpCYUsYthCMqIE+++TI/-Tmp-/npm-77953-HfxGl-Uq/1391018956973-0.2853914303705096/package
42 verbose lock tar:///var/folders/pO/pO9pwW+UFpCYUsYthCMqIE+++TI/-Tmp-/npm-77953-HfxGl-Uq/1391018956973-0.2853914303705096/package /Users/cyberfunk/.npm/533f3c35-56973-0-2853914303705096-package.lock
43 silly lockFile b219edd9-npm-cli-define-0-0-4-package-tgz tar:///Users/cyberfunk/.npm/cli-define/0.0.4/package.tgz
44 verbose lock tar:///Users/cyberfunk/.npm/cli-define/0.0.4/package.tgz /Users/cyberfunk/.npm/b219edd9-npm-cli-define-0-0-4-package-tgz.lock
45 silly lockFile 533f3c35-56973-0-2853914303705096-package tar:///var/folders/pO/pO9pwW+UFpCYUsYthCMqIE+++TI/-Tmp-/npm-77953-HfxGl-Uq/1391018956973-0.2853914303705096/package
46 silly lockFile 533f3c35-56973-0-2853914303705096-package tar:///var/folders/pO/pO9pwW+UFpCYUsYthCMqIE+++TI/-Tmp-/npm-77953-HfxGl-Uq/1391018956973-0.2853914303705096/package
47 silly lockFile b219edd9-npm-cli-define-0-0-4-package-tgz tar:///Users/cyberfunk/.npm/cli-define/0.0.4/package.tgz
48 silly lockFile b219edd9-npm-cli-define-0-0-4-package-tgz tar:///Users/cyberfunk/.npm/cli-define/0.0.4/package.tgz
49 silly lockFile f5a31cfe-unk-npm-cli-define-0-0-4-package /Users/cyberfunk/.npm/cli-define/0.0.4/package
50 verbose lock /Users/cyberfunk/.npm/cli-define/0.0.4/package /Users/cyberfunk/.npm/f5a31cfe-unk-npm-cli-define-0-0-4-package.lock
51 silly lockFile f5a31cfe-unk-npm-cli-define-0-0-4-package /Users/cyberfunk/.npm/cli-define/0.0.4/package
52 silly lockFile f5a31cfe-unk-npm-cli-define-0-0-4-package /Users/cyberfunk/.npm/cli-define/0.0.4/package
53 verbose tar unpack /Users/cyberfunk/.npm/cli-define/0.0.4/package.tgz
54 silly lockFile 8463f08c-unk-npm-cli-define-0-0-4-package tar:///Users/cyberfunk/.npm/cli-define/0.0.4/package
55 verbose lock tar:///Users/cyberfunk/.npm/cli-define/0.0.4/package /Users/cyberfunk/.npm/8463f08c-unk-npm-cli-define-0-0-4-package.lock
56 silly lockFile b219edd9-npm-cli-define-0-0-4-package-tgz tar:///Users/cyberfunk/.npm/cli-define/0.0.4/package.tgz
57 verbose lock tar:///Users/cyberfunk/.npm/cli-define/0.0.4/package.tgz /Users/cyberfunk/.npm/b219edd9-npm-cli-define-0-0-4-package-tgz.lock
58 silly gunzTarPerm modes [ '755', '644' ]
59 silly gunzTarPerm extractEntry package.json
60 silly gunzTarPerm extractEntry .npmignore
61 silly gunzTarPerm extractEntry README.md
62 silly gunzTarPerm extractEntry LICENSE
63 silly gunzTarPerm extractEntry index.js
64 silly gunzTarPerm extractEntry test/unit/builder.js
65 silly lockFile 8463f08c-unk-npm-cli-define-0-0-4-package tar:///Users/cyberfunk/.npm/cli-define/0.0.4/package
66 silly lockFile 8463f08c-unk-npm-cli-define-0-0-4-package tar:///Users/cyberfunk/.npm/cli-define/0.0.4/package
67 silly lockFile b219edd9-npm-cli-define-0-0-4-package-tgz tar:///Users/cyberfunk/.npm/cli-define/0.0.4/package.tgz
68 silly lockFile b219edd9-npm-cli-define-0-0-4-package-tgz tar:///Users/cyberfunk/.npm/cli-define/0.0.4/package.tgz
69 verbose chmod /Users/cyberfunk/.npm/cli-define/0.0.4/package.tgz 644
70 verbose chown /Users/cyberfunk/.npm/cli-define/0.0.4/package.tgz [ 501, 20 ]
71 silly lockFile 3a52ce78- .
72 silly lockFile 3a52ce78- .
73 silly publish { name: 'cli-define',
73 silly publish   version: '0.0.4',
73 silly publish   description: 'Define the arguments for a command line interface',
73 silly publish   author: { name: 'muji', email: 'noop@xpm.io' },
73 silly publish   repository:
73 silly publish    { type: 'git',
73 silly publish      url: 'https://github.com/freeformsystems/cli-define' },
73 silly publish   bugs: { url: 'https://github.com/freeformsystems/cli-define/issues' },
73 silly publish   licenses:
73 silly publish    [ { type: 'MIT',
73 silly publish        url: 'https://github.com/freeformsystems/cli-define/blob/master/LICENSE' } ],
73 silly publish   keywords: [ 'cli', 'argument', 'option' ],
73 silly publish   devDependencies: { mocha: '~1.17.0', chai: '~1.8.1' },
73 silly publish   engine: [ 'node >= 0.10.21' ],
73 silly publish   scripts: { test: 'mocha -u bdd --recursive --reporter list -A test/unit/' },
73 silly publish   config: {},
73 silly publish   readme: '# Define\n\nDefines the arguments for a command line interface.\n\n## License\n\nEverything is [MIT](http://en.wikipedia.org/wiki/MIT_License). Read the [license](/LICENSE) if you feel inclined.\n',
73 silly publish   readmeFilename: 'README.md',
73 silly publish   _id: 'cli-define@0.0.4',
73 silly publish   dist: { shasum: '02af94bcaf282ce45ab7883a9455de997adba043' },
73 silly publish   _from: '.' }
74 verbose url raw cli-define
75 verbose url resolving [ 'https://registry.npmjs.org/', './cli-define' ]
76 verbose url resolved https://registry.npmjs.org/cli-define
77 info trying registry request attempt 1 at 02:09:17
78 http PUT https://registry.npmjs.org/cli-define
79 http 409 https://registry.npmjs.org/cli-define
80 verbose url raw cli-define
81 verbose url resolving [ 'https://registry.npmjs.org/', './cli-define' ]
82 verbose url resolved https://registry.npmjs.org/cli-define
83 info trying registry request attempt 1 at 02:09:19
84 http GET https://registry.npmjs.org/cli-define
85 http 200 https://registry.npmjs.org/cli-define
86 warn publish Forced publish over cli-define@0.0.4
87 verbose registry.get cli-define staleOk, background update
88 verbose url raw cli-define
89 verbose url resolving [ 'https://registry.npmjs.org/', './cli-define' ]
90 verbose url resolved https://registry.npmjs.org/cli-define
91 info trying registry request attempt 1 at 02:09:21
92 verbose etag "680G0IY7LOP176BUXXNNGCTWQ"
93 http GET https://registry.npmjs.org/cli-define
94 verbose unpublish removing attachments { shasum: '34aa170cb1cf57cc3509532a2d703474f50cce86',
94 verbose unpublish   tarball: 'http://registry.npmjs.org/cli-define/-/cli-define-0.0.4.tgz' }
95 verbose url raw cli-define/-rev/7-cc23c16d0addc56b705baa479114a82b
96 verbose url resolving [ 'https://registry.npmjs.org/',
96 verbose url resolving   './cli-define/-rev/7-cc23c16d0addc56b705baa479114a82b' ]
97 verbose url resolved https://registry.npmjs.org/cli-define/-rev/7-cc23c16d0addc56b705baa479114a82b
98 info trying registry request attempt 1 at 02:09:21
99 http PUT https://registry.npmjs.org/cli-define/-rev/7-cc23c16d0addc56b705baa479114a82b
100 http 201 https://registry.npmjs.org/cli-define/-rev/7-cc23c16d0addc56b705baa479114a82b
101 verbose url raw cli-define
102 verbose url resolving [ 'https://registry.npmjs.org/', './cli-define' ]
103 verbose url resolved https://registry.npmjs.org/cli-define
104 info trying registry request attempt 1 at 02:09:25
105 http GET https://registry.npmjs.org/cli-define
106 http 200 https://registry.npmjs.org/cli-define
107 silly registry.get cb [ 200,
107 silly registry.get   { date: 'Wed, 29 Jan 2014 18:09:25 GMT',
107 silly registry.get     server: 'CouchDB/1.5.0 (Erlang OTP/R15B03)',
107 silly registry.get     etag: '"CIVTP8HLNSFM4452CFD7Z2JK9"',
107 silly registry.get     'content-type': 'application/json',
107 silly registry.get     'content-length': '3088',
107 silly registry.get     'accept-ranges': 'bytes',
107 silly registry.get     via: '1.1 varnish',
107 silly registry.get     age: '0',
107 silly registry.get     'x-served-by': 'cache-sn87-SIN',
107 silly registry.get     'x-cache': 'MISS',
107 silly registry.get     'x-cache-hits': '0',
107 silly registry.get     'x-timer': 'S1391018965.092250109,VS0,VE227',
107 silly registry.get     vary: 'Accept',
107 silly registry.get     'keep-alive': 'timeout=10, max=50',
107 silly registry.get     connection: 'Keep-Alive' } ]
108 http 200 https://registry.npmjs.org/cli-define
109 silly registry.get cb [ 200,
109 silly registry.get   { date: 'Wed, 29 Jan 2014 18:09:26 GMT',
109 silly registry.get     server: 'CouchDB/1.5.0 (Erlang OTP/R15B03)',
109 silly registry.get     etag: '"CIVTP8HLNSFM4452CFD7Z2JK9"',
109 silly registry.get     'content-type': 'application/json',
109 silly registry.get     'content-length': '3088',
109 silly registry.get     'accept-ranges': 'bytes',
109 silly registry.get     via: '1.1 varnish',
109 silly registry.get     age: '0',
109 silly registry.get     'x-served-by': 'cache-sn89-SIN',
109 silly registry.get     'x-cache': 'MISS',
109 silly registry.get     'x-cache-hits': '0',
109 silly registry.get     'x-timer': 'S1391018965.463650227,VS0,VE1150',
109 silly registry.get     vary: 'Accept',
109 silly registry.get     'keep-alive': 'timeout=10, max=50',
109 silly registry.get     connection: 'Keep-Alive' } ]
110 info detach /cli-define/-/cli-define-0.0.4.tgz/-rev/8-b18c262703583fe068d594dce3492050
111 verbose url raw /cli-define/-/cli-define-0.0.4.tgz/-rev/8-b18c262703583fe068d594dce3492050
112 verbose url resolving [ 'https://registry.npmjs.org/',
112 verbose url resolving   './cli-define/-/cli-define-0.0.4.tgz/-rev/8-b18c262703583fe068d594dce3492050' ]
113 verbose url resolved https://registry.npmjs.org/cli-define/-/cli-define-0.0.4.tgz/-rev/8-b18c262703583fe068d594dce3492050
114 info trying registry request attempt 1 at 02:09:26
115 http DELETE https://registry.npmjs.org/cli-define/-/cli-define-0.0.4.tgz/-rev/8-b18c262703583fe068d594dce3492050
116 http 200 https://registry.npmjs.org/cli-define/-/cli-define-0.0.4.tgz/-rev/8-b18c262703583fe068d594dce3492050
117 verbose publish [ '.' ]
118 verbose cache add [ '.', null ]
119 verbose cache add name=undefined spec="." args=[".",null]
120 verbose parsed url { protocol: null,
120 verbose parsed url   slashes: null,
120 verbose parsed url   auth: null,
120 verbose parsed url   host: null,
120 verbose parsed url   port: null,
120 verbose parsed url   hostname: null,
120 verbose parsed url   hash: null,
120 verbose parsed url   search: null,
120 verbose parsed url   query: null,
120 verbose parsed url   pathname: '.',
120 verbose parsed url   path: '.',
120 verbose parsed url   href: '.' }
121 silly lockFile 3a52ce78- .
122 verbose lock . /Users/cyberfunk/.npm/3a52ce78-.lock
123 verbose tar pack [ '/var/folders/pO/pO9pwW+UFpCYUsYthCMqIE+++TI/-Tmp-/npm-77953-HfxGl-Uq/1391018968409-0.46111810323782265/tmp.tgz',
123 verbose tar pack   '.' ]
124 verbose tarball /var/folders/pO/pO9pwW+UFpCYUsYthCMqIE+++TI/-Tmp-/npm-77953-HfxGl-Uq/1391018968409-0.46111810323782265/tmp.tgz
125 verbose folder .
126 silly lockFile 1f1177db-tar tar://.
127 verbose lock tar://. /Users/cyberfunk/.npm/1f1177db-tar.lock
128 silly lockFile 74085181-8409-0-46111810323782265-tmp-tgz tar:///var/folders/pO/pO9pwW+UFpCYUsYthCMqIE+++TI/-Tmp-/npm-77953-HfxGl-Uq/1391018968409-0.46111810323782265/tmp.tgz
129 verbose lock tar:///var/folders/pO/pO9pwW+UFpCYUsYthCMqIE+++TI/-Tmp-/npm-77953-HfxGl-Uq/1391018968409-0.46111810323782265/tmp.tgz /Users/cyberfunk/.npm/74085181-8409-0-46111810323782265-tmp-tgz.lock
130 silly lockFile 1f1177db-tar tar://.
131 silly lockFile 1f1177db-tar tar://.
132 silly lockFile 74085181-8409-0-46111810323782265-tmp-tgz tar:///var/folders/pO/pO9pwW+UFpCYUsYthCMqIE+++TI/-Tmp-/npm-77953-HfxGl-Uq/1391018968409-0.46111810323782265/tmp.tgz
133 silly lockFile 74085181-8409-0-46111810323782265-tmp-tgz tar:///var/folders/pO/pO9pwW+UFpCYUsYthCMqIE+++TI/-Tmp-/npm-77953-HfxGl-Uq/1391018968409-0.46111810323782265/tmp.tgz
134 verbose tar unpack /var/folders/pO/pO9pwW+UFpCYUsYthCMqIE+++TI/-Tmp-/npm-77953-HfxGl-Uq/1391018968409-0.46111810323782265/tmp.tgz
135 silly lockFile 6f425405-8409-0-46111810323782265-package tar:///var/folders/pO/pO9pwW+UFpCYUsYthCMqIE+++TI/-Tmp-/npm-77953-HfxGl-Uq/1391018968409-0.46111810323782265/package
136 verbose lock tar:///var/folders/pO/pO9pwW+UFpCYUsYthCMqIE+++TI/-Tmp-/npm-77953-HfxGl-Uq/1391018968409-0.46111810323782265/package /Users/cyberfunk/.npm/6f425405-8409-0-46111810323782265-package.lock
137 silly lockFile 74085181-8409-0-46111810323782265-tmp-tgz tar:///var/folders/pO/pO9pwW+UFpCYUsYthCMqIE+++TI/-Tmp-/npm-77953-HfxGl-Uq/1391018968409-0.46111810323782265/tmp.tgz
138 verbose lock tar:///var/folders/pO/pO9pwW+UFpCYUsYthCMqIE+++TI/-Tmp-/npm-77953-HfxGl-Uq/1391018968409-0.46111810323782265/tmp.tgz /Users/cyberfunk/.npm/74085181-8409-0-46111810323782265-tmp-tgz.lock
139 silly gunzTarPerm modes [ '755', '644' ]
140 silly gunzTarPerm extractEntry package.json
141 silly gunzTarPerm extractEntry .npmignore
142 silly gunzTarPerm extractEntry README.md
143 silly gunzTarPerm extractEntry LICENSE
144 silly gunzTarPerm extractEntry index.js
145 silly gunzTarPerm extractEntry test/unit/builder.js
146 silly lockFile 6f425405-8409-0-46111810323782265-package tar:///var/folders/pO/pO9pwW+UFpCYUsYthCMqIE+++TI/-Tmp-/npm-77953-HfxGl-Uq/1391018968409-0.46111810323782265/package
147 silly lockFile 6f425405-8409-0-46111810323782265-package tar:///var/folders/pO/pO9pwW+UFpCYUsYthCMqIE+++TI/-Tmp-/npm-77953-HfxGl-Uq/1391018968409-0.46111810323782265/package
148 silly lockFile 74085181-8409-0-46111810323782265-tmp-tgz tar:///var/folders/pO/pO9pwW+UFpCYUsYthCMqIE+++TI/-Tmp-/npm-77953-HfxGl-Uq/1391018968409-0.46111810323782265/tmp.tgz
149 silly lockFile 74085181-8409-0-46111810323782265-tmp-tgz tar:///var/folders/pO/pO9pwW+UFpCYUsYthCMqIE+++TI/-Tmp-/npm-77953-HfxGl-Uq/1391018968409-0.46111810323782265/tmp.tgz
150 verbose tar pack [ '/Users/cyberfunk/.npm/cli-define/0.0.4/package.tgz',
150 verbose tar pack   '/var/folders/pO/pO9pwW+UFpCYUsYthCMqIE+++TI/-Tmp-/npm-77953-HfxGl-Uq/1391018968409-0.46111810323782265/package' ]
151 verbose tarball /Users/cyberfunk/.npm/cli-define/0.0.4/package.tgz
152 verbose folder /var/folders/pO/pO9pwW+UFpCYUsYthCMqIE+++TI/-Tmp-/npm-77953-HfxGl-Uq/1391018968409-0.46111810323782265/package
153 silly lockFile 6f425405-8409-0-46111810323782265-package tar:///var/folders/pO/pO9pwW+UFpCYUsYthCMqIE+++TI/-Tmp-/npm-77953-HfxGl-Uq/1391018968409-0.46111810323782265/package
154 verbose lock tar:///var/folders/pO/pO9pwW+UFpCYUsYthCMqIE+++TI/-Tmp-/npm-77953-HfxGl-Uq/1391018968409-0.46111810323782265/package /Users/cyberfunk/.npm/6f425405-8409-0-46111810323782265-package.lock
155 silly lockFile b219edd9-npm-cli-define-0-0-4-package-tgz tar:///Users/cyberfunk/.npm/cli-define/0.0.4/package.tgz
156 verbose lock tar:///Users/cyberfunk/.npm/cli-define/0.0.4/package.tgz /Users/cyberfunk/.npm/b219edd9-npm-cli-define-0-0-4-package-tgz.lock
157 silly lockFile 6f425405-8409-0-46111810323782265-package tar:///var/folders/pO/pO9pwW+UFpCYUsYthCMqIE+++TI/-Tmp-/npm-77953-HfxGl-Uq/1391018968409-0.46111810323782265/package
158 silly lockFile 6f425405-8409-0-46111810323782265-package tar:///var/folders/pO/pO9pwW+UFpCYUsYthCMqIE+++TI/-Tmp-/npm-77953-HfxGl-Uq/1391018968409-0.46111810323782265/package
159 silly lockFile b219edd9-npm-cli-define-0-0-4-package-tgz tar:///Users/cyberfunk/.npm/cli-define/0.0.4/package.tgz
160 silly lockFile b219edd9-npm-cli-define-0-0-4-package-tgz tar:///Users/cyberfunk/.npm/cli-define/0.0.4/package.tgz
161 silly lockFile f5a31cfe-unk-npm-cli-define-0-0-4-package /Users/cyberfunk/.npm/cli-define/0.0.4/package
162 verbose lock /Users/cyberfunk/.npm/cli-define/0.0.4/package /Users/cyberfunk/.npm/f5a31cfe-unk-npm-cli-define-0-0-4-package.lock
163 silly lockFile f5a31cfe-unk-npm-cli-define-0-0-4-package /Users/cyberfunk/.npm/cli-define/0.0.4/package
164 silly lockFile f5a31cfe-unk-npm-cli-define-0-0-4-package /Users/cyberfunk/.npm/cli-define/0.0.4/package
165 verbose tar unpack /Users/cyberfunk/.npm/cli-define/0.0.4/package.tgz
166 silly lockFile 8463f08c-unk-npm-cli-define-0-0-4-package tar:///Users/cyberfunk/.npm/cli-define/0.0.4/package
167 verbose lock tar:///Users/cyberfunk/.npm/cli-define/0.0.4/package /Users/cyberfunk/.npm/8463f08c-unk-npm-cli-define-0-0-4-package.lock
168 silly lockFile b219edd9-npm-cli-define-0-0-4-package-tgz tar:///Users/cyberfunk/.npm/cli-define/0.0.4/package.tgz
169 verbose lock tar:///Users/cyberfunk/.npm/cli-define/0.0.4/package.tgz /Users/cyberfunk/.npm/b219edd9-npm-cli-define-0-0-4-package-tgz.lock
170 silly gunzTarPerm modes [ '755', '644' ]
171 silly gunzTarPerm extractEntry package.json
172 silly gunzTarPerm extractEntry .npmignore
173 silly gunzTarPerm extractEntry README.md
174 silly gunzTarPerm extractEntry LICENSE
175 silly gunzTarPerm extractEntry index.js
176 silly gunzTarPerm extractEntry test/unit/builder.js
177 silly lockFile 8463f08c-unk-npm-cli-define-0-0-4-package tar:///Users/cyberfunk/.npm/cli-define/0.0.4/package
178 silly lockFile 8463f08c-unk-npm-cli-define-0-0-4-package tar:///Users/cyberfunk/.npm/cli-define/0.0.4/package
179 silly lockFile b219edd9-npm-cli-define-0-0-4-package-tgz tar:///Users/cyberfunk/.npm/cli-define/0.0.4/package.tgz
180 silly lockFile b219edd9-npm-cli-define-0-0-4-package-tgz tar:///Users/cyberfunk/.npm/cli-define/0.0.4/package.tgz
181 verbose chmod /Users/cyberfunk/.npm/cli-define/0.0.4/package.tgz 644
182 verbose chown /Users/cyberfunk/.npm/cli-define/0.0.4/package.tgz [ 501, 20 ]
183 silly lockFile 3a52ce78- .
184 silly lockFile 3a52ce78- .
185 silly publish { name: 'cli-define',
185 silly publish   version: '0.0.4',
185 silly publish   description: 'Define the arguments for a command line interface',
185 silly publish   author: { name: 'muji', email: 'noop@xpm.io' },
185 silly publish   repository:
185 silly publish    { type: 'git',
185 silly publish      url: 'https://github.com/freeformsystems/cli-define' },
185 silly publish   bugs: { url: 'https://github.com/freeformsystems/cli-define/issues' },
185 silly publish   licenses:
185 silly publish    [ { type: 'MIT',
185 silly publish        url: 'https://github.com/freeformsystems/cli-define/blob/master/LICENSE' } ],
185 silly publish   keywords: [ 'cli', 'argument', 'option' ],
185 silly publish   devDependencies: { mocha: '~1.17.0', chai: '~1.8.1' },
185 silly publish   engine: [ 'node >= 0.10.21' ],
185 silly publish   scripts: { test: 'mocha -u bdd --recursive --reporter list -A test/unit/' },
185 silly publish   config: {},
185 silly publish   readme: '# Define\n\nDefines the arguments for a command line interface.\n\n## License\n\nEverything is [MIT](http://en.wikipedia.org/wiki/MIT_License). Read the [license](/LICENSE) if you feel inclined.\n',
185 silly publish   readmeFilename: 'README.md',
185 silly publish   _id: 'cli-define@0.0.4',
185 silly publish   dist:
185 silly publish    { shasum: '02af94bcaf282ce45ab7883a9455de997adba043',
185 silly publish      tarball: 'http://registry.npmjs.org/cli-define/-/cli-define-0.0.4.tgz' },
185 silly publish   _from: '.',
185 silly publish   _npmVersion: '1.3.11',
185 silly publish   _npmUser: { name: 'muji', email: 'freeformsystems@gmail.com' } }
186 verbose url raw cli-define
187 verbose url resolving [ 'https://registry.npmjs.org/', './cli-define' ]
188 verbose url resolved https://registry.npmjs.org/cli-define
189 info trying registry request attempt 1 at 02:09:28
190 http PUT https://registry.npmjs.org/cli-define
191 http 409 https://registry.npmjs.org/cli-define
192 verbose url raw cli-define
193 verbose url resolving [ 'https://registry.npmjs.org/', './cli-define' ]
194 verbose url resolved https://registry.npmjs.org/cli-define
195 info trying registry request attempt 1 at 02:09:30
196 http GET https://registry.npmjs.org/cli-define
197 http 200 https://registry.npmjs.org/cli-define
198 verbose uploading [ 'cli-define/-/cli-define-0.0.4.tgz/-rev/9-93da6b0b22eb88f5634f22a4a09dbfdc',
198 verbose uploading   '/Users/cyberfunk/.npm/cli-define/0.0.4/package.tgz' ]
199 verbose url raw cli-define/-/cli-define-0.0.4.tgz/-rev/9-93da6b0b22eb88f5634f22a4a09dbfdc
200 verbose url resolving [ 'https://registry.npmjs.org/',
200 verbose url resolving   './cli-define/-/cli-define-0.0.4.tgz/-rev/9-93da6b0b22eb88f5634f22a4a09dbfdc' ]
201 verbose url resolved https://registry.npmjs.org/cli-define/-/cli-define-0.0.4.tgz/-rev/9-93da6b0b22eb88f5634f22a4a09dbfdc
202 info trying registry request attempt 1 at 02:09:36
203 http PUT https://registry.npmjs.org/cli-define/-/cli-define-0.0.4.tgz/-rev/9-93da6b0b22eb88f5634f22a4a09dbfdc
204 http 201 https://registry.npmjs.org/cli-define/-/cli-define-0.0.4.tgz/-rev/9-93da6b0b22eb88f5634f22a4a09dbfdc
205 verbose publish attached [ 'cli-define',
205 verbose publish   '/Users/cyberfunk/.npm/cli-define/0.0.4/package.tgz',
205 verbose publish   'cli-define-0.0.4.tgz' ]
206 verbose url raw cli-define/0.0.4/-tag/latest
207 verbose url resolving [ 'https://registry.npmjs.org/',
207 verbose url resolving   './cli-define/0.0.4/-tag/latest' ]
208 verbose url resolved https://registry.npmjs.org/cli-define/0.0.4/-tag/latest
209 info trying registry request attempt 1 at 02:09:40
210 http PUT https://registry.npmjs.org/cli-define/0.0.4/-tag/latest
211 http 403 https://registry.npmjs.org/cli-define/0.0.4/-tag/latest
212 info trying registry request attempt 1 at 02:09:44
213 http PUT https://registry.npmjs.org/cli-define/0.0.4/-tag/latest
214 http 403 https://registry.npmjs.org/cli-define/0.0.4/-tag/latest
215 error publish Error uploading package
216 error Error: forbidden 0.0.4 time should not be modified 1: cli-define/0.0.4/-tag/latest
216 error     at RegClient.<anonymous> (/usr/local/lib/node_modules/npm/node_modules/npm-registry-client/lib/request.js:272:14)
216 error     at Request.self.callback (/usr/local/lib/node_modules/npm/node_modules/request/request.js:129:22)
216 error     at Request.EventEmitter.emit (events.js:98:17)
216 error     at Request.<anonymous> (/usr/local/lib/node_modules/npm/node_modules/request/request.js:873:14)
216 error     at Request.EventEmitter.emit (events.js:117:20)
216 error     at IncomingMessage.<anonymous> (/usr/local/lib/node_modules/npm/node_modules/request/request.js:824:12)
216 error     at IncomingMessage.EventEmitter.emit (events.js:117:20)
216 error     at _stream_readable.js:920:16
216 error     at process._tickCallback (node.js:415:13)
217 error If you need help, you may report this log at:
217 error     <http://github.com/isaacs/npm/issues>
217 error or email it to:
217 error     <npm-@googlegroups.com>
218 error System Darwin 10.8.0
219 error command "/usr/local/bin/node" "/usr/local/bin/npm" "publish" "--force"
220 error cwd /Users/cyberfunk/git/cli/define
221 error node -v v0.10.21
222 error npm -v 1.3.11
223 verbose exit [ 1, true ]
